12:29:29 **** Incremental Build of configuration Release for project emisor_sync ****
"D:\\PROGRAMAS\\Sloeber\\arduinoPlugin\\tools\\make\\make" all 
'Building file: ..\sloeber.ino.cpp'
'Starting C++ compile'
"D:\PROGRAMAS\Sloeber\arduinoPlugin\packages\arduino\tools\avr-gcc\7.3.0-atmel3.6.1-arduino7/bin/avr-g++" -c -g -Os -w -std=gnu++11 -fpermissive -fno-exceptions -ffunction-sections -fdata-sections -fno-threadsafe-statics -Wno-error=narrowing -MMD -flto -mmcu=atmega2560 -DF_CPU=16000000L -DARDUINO=10812 -DARDUINO_AVR_MEGA2560 -DARDUINO_ARCH_AVR     -I"D:\PROGRAMAS\Sloeber\arduinoPlugin\packages\arduino\hardware\avr\1.8.5\variants\mega" -I"D:\PROGRAMAS\Sloeber\arduinoPlugin\packages\arduino\hardware\avr\1.8.5\cores\arduino" -I"D:\PROGRAMAS\Sloeber\arduinoPlugin\packages\arduino\hardware\avr\1.8.5\libraries\Wire\src" -I"D:\PROGRAMAS\Sloeber\arduinoPlugin\packages\arduino\hardware\avr\1.8.5\libraries\VirtualWire" -MMD -MP -MF"sloeber.ino.cpp.d" -MT"sloeber.ino.cpp.o" -D__IN_ECLIPSE__=1 -x c++ "..\sloeber.ino.cpp"   -o "sloeber.ino.cpp.o"
'Finished building: ..\sloeber.ino.cpp'
' '
'Starting combiner'
"D:\PROGRAMAS\Sloeber\arduinoPlugin\packages\arduino\tools\avr-gcc\7.3.0-atmel3.6.1-arduino7/bin/avr-gcc" -w -Os -g -flto -fuse-linker-plugin -Wl,--gc-sections,--relax -mmcu=atmega2560   -o "D:\GDRIVE\TONI\PROY\SAPPO\ECLIPSE\emisor_sync\Release/emisor_sync.elf"    .\sloeber.ino.cpp.o  .\libraries\Wire\src\utility\twi.c.o  .\libraries\Wire\src\Wire.cpp.o  .\libraries\VirtualWire\VirtualWire.cpp.o     D:\GDRIVE\TONI\PROY\SAPPO\ECLIPSE\emisor_sync\Release/arduino.ar  "-LD:\GDRIVE\TONI\PROY\SAPPO\ECLIPSE\emisor_sync\Release" -lm
'Finished building: emisor_sync.elf'
' '
'Do all objcopy commands'
"D:\PROGRAMAS\Sloeber\arduinoPlugin\packages\arduino\tools\avr-gcc\7.3.0-atmel3.6.1-arduino7/bin/avr-objcopy" -O ihex -j .eeprom --set-section-flags=.eeprom=alloc,load --no-change-warnings --change-section-lma .eeprom=0  "D:\GDRIVE\TONI\PROY\SAPPO\ECLIPSE\emisor_sync\Release/emisor_sync.elf" "D:\GDRIVE\TONI\PROY\SAPPO\ECLIPSE\emisor_sync\Release/emisor_sync.eep"
"D:\PROGRAMAS\Sloeber\arduinoPlugin\packages\arduino\tools\avr-gcc\7.3.0-atmel3.6.1-arduino7/bin/avr-objcopy" -O ihex -R .eeprom  "D:\GDRIVE\TONI\PROY\SAPPO\ECLIPSE\emisor_sync\Release/emisor_sync.elf" "D:\GDRIVE\TONI\PROY\SAPPO\ECLIPSE\emisor_sync\Release/emisor_sync.hex"
'Finished building: emisor_sync.hex'
' '
'Building target: emisor_sync'
'Printing size:'
"D:\PROGRAMAS\Sloeber\arduinoPlugin\packages\arduino\tools\avr-gcc\7.3.0-atmel3.6.1-arduino7/bin/avr-size" -A "D:\GDRIVE\TONI\PROY\SAPPO\ECLIPSE\emisor_sync\Release/emisor_sync.elf"
D:\GDRIVE\TONI\PROY\SAPPO\ECLIPSE\emisor_sync\Release/emisor_sync.elf  :
section                     size      addr
.data                         56   8389120
.text                       4744         0
.bss                         300   8389176
.comment                      17         0
.note.gnu.avr.deviceinfo      64         0
.debug_aranges               232         0
.debug_info                12610         0
.debug_abbrev               4654         0
.debug_line                 4926         0
.debug_frame                1080         0
.debug_str                  3570         0
.debug_loc                  5669         0
.debug_ranges                312         0
Total                      38234


'Finished building target: emisor_sync'
' '

12:29:30 Build Finished. 0 errors, 0 warnings. (took 1s.271ms)

