10:08:27 **** Incremental Build of configuration Release for project receptor_sync ****
"D:\\PROGRAMAS\\Sloeber\\arduinoPlugin\\tools\\make\\make" all 
'Building file: ..\sloeber.ino.cpp'
'Starting C++ compile'
"D:\PROGRAMAS\Sloeber\arduinoPlugin\packages\arduino\tools\avr-gcc\7.3.0-atmel3.6.1-arduino7/bin/avr-g++" -c -g -Os -w -std=gnu++11 -fpermissive -fno-exceptions -ffunction-sections -fdata-sections -fno-threadsafe-statics -Wno-error=narrowing -MMD -flto -mmcu=atmega328p -DF_CPU=16000000L -DARDUINO=10812 -DARDUINO_AVR_UNO -DARDUINO_ARCH_AVR     -I"D:\PROGRAMAS\Sloeber\arduinoPlugin\packages\arduino\hardware\avr\1.8.5\cores\arduino" -I"D:\PROGRAMAS\Sloeber\arduinoPlugin\packages\arduino\hardware\avr\1.8.5\variants\standard" -I"D:\PROGRAMAS\Sloeber\arduinoPlugin\packages\arduino\hardware\avr\1.8.5\libraries\VirtualWire" -I"C:\Users\antonio\Documents\Arduino\libraries\eRCaGuy_TimerCounter-master" -MMD -MP -MF"sloeber.ino.cpp.d" -MT"sloeber.ino.cpp.o" -D__IN_ECLIPSE__=1 -x c++ "..\sloeber.ino.cpp"   -o "sloeber.ino.cpp.o"
'Finished building: ..\sloeber.ino.cpp'
' '
'Starting combiner'
"D:\PROGRAMAS\Sloeber\arduinoPlugin\packages\arduino\tools\avr-gcc\7.3.0-atmel3.6.1-arduino7/bin/avr-gcc" -w -Os -g -flto -fuse-linker-plugin -Wl,--gc-sections -mmcu=atmega328p   -o "D:\GDRIVE\TONI\PROY\SAPPO\ECLIPSE\receptor_sync\Release/receptor_sync.elf"    .\sloeber.ino.cpp.o  .\libraries\eRCaGuy_TimerCounter-master\eRCaGuy_Timer2_Counter.cpp.o  .\libraries\VirtualWire\VirtualWire.cpp.o     D:\GDRIVE\TONI\PROY\SAPPO\ECLIPSE\receptor_sync\Release/arduino.ar  "-LD:\GDRIVE\TONI\PROY\SAPPO\ECLIPSE\receptor_sync\Release" -lm
'Finished building: receptor_sync.elf'
' '
'Do all objcopy commands'
"D:\PROGRAMAS\Sloeber\arduinoPlugin\packages\arduino\tools\avr-gcc\7.3.0-atmel3.6.1-arduino7/bin/avr-objcopy" -O ihex -j .eeprom --set-section-flags=.eeprom=alloc,load --no-change-warnings --change-section-lma .eeprom=0  "D:\GDRIVE\TONI\PROY\SAPPO\ECLIPSE\receptor_sync\Release/receptor_sync.elf" "D:\GDRIVE\TONI\PROY\SAPPO\ECLIPSE\receptor_sync\Release/receptor_sync.eep"
"D:\PROGRAMAS\Sloeber\arduinoPlugin\packages\arduino\tools\avr-gcc\7.3.0-atmel3.6.1-arduino7/bin/avr-objcopy" -O ihex -R .eeprom  "D:\GDRIVE\TONI\PROY\SAPPO\ECLIPSE\receptor_sync\Release/receptor_sync.elf" "D:\GDRIVE\TONI\PROY\SAPPO\ECLIPSE\receptor_sync\Release/receptor_sync.hex"
'Finished building: receptor_sync.hex'
' '
'Building target: receptor_sync'
'Printing size:'
"D:\PROGRAMAS\Sloeber\arduinoPlugin\packages\arduino\tools\avr-gcc\7.3.0-atmel3.6.1-arduino7/bin/avr-size" -A "D:\GDRIVE\TONI\PROY\SAPPO\ECLIPSE\receptor_sync\Release/receptor_sync.elf"
D:\GDRIVE\TONI\PROY\SAPPO\ECLIPSE\receptor_sync\Release/receptor_sync.elf  :
section                     size      addr
.data                         62   8388864
.text                       3814         0
.bss                         407   8388926
.comment                      17         0
.note.gnu.avr.deviceinfo      64         0
.debug_aranges               296         0
.debug_info                11069         0
.debug_abbrev               3103         0
.debug_line                 4677         0
.debug_frame                1024         0
.debug_str                  2796         0
.debug_loc                  5456         0
.debug_ranges                448         0
Total                      33233


'Finished building target: receptor_sync'
' '

10:08:29 Build Finished. 0 errors, 0 warnings. (took 1s.332ms)

