f:\googledrive\toni\proy\sappo\simulacion\v-rep\v-rep1_code_vs\v-rep1\debug\vc140.pdb
f:\googledrive\toni\proy\sappo\simulacion\v-rep\v-rep1_code_vs\v-rep1\debug\vc140.idb
f:\googledrive\toni\proy\sappo\simulacion\v-rep\v-rep1_code_vs\v-rep1\debug\pid_v1.obj
f:\googledrive\toni\proy\sappo\simulacion\v-rep\v-rep1_code_vs\v-rep1\debug\vrep_call.obj
f:\googledrive\toni\proy\sappo\simulacion\v-rep\v-rep1_code_vs\v-rep1\debug\extapi.obj
f:\googledrive\toni\proy\sappo\simulacion\v-rep\v-rep1_code_vs\v-rep1\debug\extapiplatform.obj
f:\googledrive\toni\proy\sappo\simulacion\v-rep\v-rep1_code_vs\v-rep1\debug\pid.obj
f:\googledrive\toni\proy\sappo\simulacion\v-rep\v-rep1_code_vs\debug\v-repsappo.ilk
f:\googledrive\toni\proy\sappo\simulacion\v-rep\v-rep1_code_vs\debug\v-repsappo.exe
f:\googledrive\toni\proy\sappo\simulacion\v-rep\v-rep1_code_vs\debug\v-repsappo.pdb
f:\googledrive\toni\proy\sappo\simulacion\v-rep\v-rep1_code_vs\debug\v-repsappo.lib
f:\googledrive\toni\proy\sappo\simulacion\v-rep\v-rep1_code_vs\debug\v-repsappo.exp
f:\googledrive\toni\proy\sappo\simulacion\v-rep\v-rep1_code_vs\v-rep1\debug\externalikdemo1.obj
f:\googledrive\toni\proy\sappo\simulacion\v-rep\v-rep1_code_vs\v-rep1\debug\extik.obj
f:\googledrive\toni\proy\sappo\simulacion\v-rep\v-rep1_code_vs\v-rep1\debug\v-repsappo.tlog\cl.command.1.tlog
f:\googledrive\toni\proy\sappo\simulacion\v-rep\v-rep1_code_vs\v-rep1\debug\v-repsappo.tlog\cl.read.1.tlog
f:\googledrive\toni\proy\sappo\simulacion\v-rep\v-rep1_code_vs\v-rep1\debug\v-repsappo.tlog\cl.write.1.tlog
f:\googledrive\toni\proy\sappo\simulacion\v-rep\v-rep1_code_vs\v-rep1\debug\v-repsappo.tlog\link-cvtres.read.1.tlog
f:\googledrive\toni\proy\sappo\simulacion\v-rep\v-rep1_code_vs\v-rep1\debug\v-repsappo.tlog\link-cvtres.write.1.tlog
f:\googledrive\toni\proy\sappo\simulacion\v-rep\v-rep1_code_vs\v-rep1\debug\v-repsappo.tlog\link-rc.read.1.tlog
f:\googledrive\toni\proy\sappo\simulacion\v-rep\v-rep1_code_vs\v-rep1\debug\v-repsappo.tlog\link-rc.write.1.tlog
f:\googledrive\toni\proy\sappo\simulacion\v-rep\v-rep1_code_vs\v-rep1\debug\v-repsappo.tlog\link.7828-cvtres.read.1.tlog
f:\googledrive\toni\proy\sappo\simulacion\v-rep\v-rep1_code_vs\v-rep1\debug\v-repsappo.tlog\link.7828-cvtres.write.1.tlog
f:\googledrive\toni\proy\sappo\simulacion\v-rep\v-rep1_code_vs\v-rep1\debug\v-repsappo.tlog\link.7828-rc.read.1.tlog
f:\googledrive\toni\proy\sappo\simulacion\v-rep\v-rep1_code_vs\v-rep1\debug\v-repsappo.tlog\link.7828-rc.write.1.tlog
f:\googledrive\toni\proy\sappo\simulacion\v-rep\v-rep1_code_vs\v-rep1\debug\v-repsappo.tlog\link.7828.read.1.tlog
f:\googledrive\toni\proy\sappo\simulacion\v-rep\v-rep1_code_vs\v-rep1\debug\v-repsappo.tlog\link.7828.write.1.tlog
f:\googledrive\toni\proy\sappo\simulacion\v-rep\v-rep1_code_vs\v-rep1\debug\v-repsappo.tlog\link.command.1.tlog
f:\googledrive\toni\proy\sappo\simulacion\v-rep\v-rep1_code_vs\v-rep1\debug\v-repsappo.tlog\link.read.1.tlog
f:\googledrive\toni\proy\sappo\simulacion\v-rep\v-rep1_code_vs\v-rep1\debug\v-repsappo.tlog\link.write.1.tlog
f:\googledrive\toni\proy\sappo\simulacion\v-rep\v-rep1_code_vs\v-rep1\debug\v-repsappo.tlog\v-repsappo.write.1u.tlog
