09:34:09 **** Incremental Build of configuration Release for project Baliza1 ****
"D:\\PROGRAMAS\\Sloeber\\arduinoPlugin\\tools\\make\\make" all 
'Building target: Baliza1'
'Printing size:'
"D:\PROGRAMAS\Sloeber\arduinoPlugin\packages\arduino\tools\avr-gcc\7.3.0-atmel3.6.1-arduino7/bin/avr-size" -A "D:\GDRIVE\TONI\PROY\SAPPO\ECLIPSE_SLOEBER\SAPPO\Baliza1\Release/Baliza1.elf"
D:\GDRIVE\TONI\PROY\SAPPO\ECLIPSE_SLOEBER\SAPPO\Baliza1\Release/Baliza1.elf  :
section                     size      addr
.data                         68   8388864
.text                       5596         0
.bss                         352   8388932
.comment                      17         0
.note.gnu.avr.deviceinfo      64         0
.debug_aranges               392         0
.debug_info                20385         0
.debug_abbrev               3688         0
.debug_line                 6324         0
.debug_frame                1160         0
.debug_str                  4186         0
.debug_loc                  9002         0
.debug_ranges                768         0
Total                      52002


'Finished building target: Baliza1'
' '

09:34:09 Build Finished. 0 errors, 0 warnings. (took 369ms)

