19:47:51 **** Incremental Build of configuration Release for project RODI_servos ****
"D:\\PROGRAMAS\\Sloeber\\arduinoPlugin\\tools\\make\\make" all 
'Building target: RODI_servos'
'Printing size:'
"D:\PROGRAMAS\Sloeber\arduinoPlugin\packages\arduino\tools\avr-gcc\7.3.0-atmel3.6.1-arduino7/bin/avr-size" -A "D:\GDRIVE\TONI\PROY\GITHUB\SAPPO\ECLIPSE_SLOEBER\SAPPO\RODI_servos\Release/RODI_servos.elf"
D:\GDRIVE\TONI\PROY\GITHUB\SAPPO\ECLIPSE_SLOEBER\SAPPO\RODI_servos\Release/RODI_servos.elf  :
section                      size      addr
.data                         510   8389120
.text                       27308         0
.bss                         1185   8389630
.comment                       17         0
.note.gnu.avr.deviceinfo       64         0
.debug_aranges                488         0
.debug_info                 61085         0
.debug_abbrev                6184         0
.debug_line                 14643         0
.debug_frame                 4068         0
.debug_str                   8150         0
.debug_loc                  31015         0
.debug_ranges                4104         0
Total                      158821


'Finished building target: RODI_servos'
' '

19:47:51 Build Finished. 0 errors, 0 warnings. (took 446ms)

